{"D:\\Hacktiv8\\p3\\ArcadeDB-server\\index.js": {"path":"D:\\Hacktiv8\\p3\\ArcadeDB-server\\index.js","statementMap":{"0":{"start":{"line":1,"column":16},"end":{"line":1,"column":34}},"1":{"start":{"line":2,"column":12},"end":{"line":2,"column":21}},"2":{"start":{"line":3,"column":13},"end":{"line":3,"column":28}},"3":{"start":{"line":4,"column":15},"end":{"line":4,"column":34}},"4":{"start":{"line":5,"column":22},"end":{"line":5,"column":60}},"5":{"start":{"line":8,"column":0},"end":{"line":8,"column":16}},"6":{"start":{"line":9,"column":0},"end":{"line":9,"column":24}},"7":{"start":{"line":10,"column":0},"end":{"line":10,"column":48}},"8":{"start":{"line":11,"column":0},"end":{"line":11,"column":16}},"9":{"start":{"line":12,"column":0},"end":{"line":12,"column":23}},"10":{"start":{"line":14,"column":0},"end":{"line":14,"column":21}}},"fnMap":{},"branchMap":{},"s":{"0":1,"1":1,"2":1,"3":1,"4":1,"5":1,"6":1,"7":1,"8":1,"9":1,"10":1},"f":{},"b":{},"_coverageSchema":"1a1c01bbd47fc00a2c39e90264f33305004495a9","hash":"67d96589449a0af6393b21baf472f480618a2c60"}
,"D:\\Hacktiv8\\p3\\ArcadeDB-server\\controllers\\ArcadeController.js": {"path":"D:\\Hacktiv8\\p3\\ArcadeDB-server\\controllers\\ArcadeController.js","statementMap":{"0":{"start":{"line":1,"column":18},"end":{"line":1,"column":49}},"1":{"start":{"line":2,"column":26},"end":{"line":2,"column":65}},"2":{"start":{"line":3,"column":15},"end":{"line":3,"column":42}},"3":{"start":{"line":4,"column":16},"end":{"line":4,"column":44}},"4":{"start":{"line":6,"column":0},"end":{"line":99,"column":2}},"5":{"start":{"line":8,"column":2},"end":{"line":30,"column":3}},"6":{"start":{"line":9,"column":19},"end":{"line":9,"column":44}},"7":{"start":{"line":10,"column":19},"end":{"line":10,"column":44}},"8":{"start":{"line":11,"column":22},"end":{"line":11,"column":50}},"9":{"start":{"line":12,"column":27},"end":{"line":12,"column":29}},"10":{"start":{"line":14,"column":3},"end":{"line":25,"column":6}},"11":{"start":{"line":15,"column":21},"end":{"line":20,"column":5}},"12":{"start":{"line":21,"column":4},"end":{"line":24,"column":5}},"13":{"start":{"line":22,"column":5},"end":{"line":22,"column":32}},"14":{"start":{"line":23,"column":5},"end":{"line":23,"column":36}},"15":{"start":{"line":26,"column":3},"end":{"line":26,"column":57}},"16":{"start":{"line":26,"column":36},"end":{"line":26,"column":55}},"17":{"start":{"line":27,"column":3},"end":{"line":27,"column":55}},"18":{"start":{"line":29,"column":3},"end":{"line":29,"column":15}},"19":{"start":{"line":33,"column":2},"end":{"line":40,"column":3}},"20":{"start":{"line":34,"column":18},"end":{"line":34,"column":28}},"21":{"start":{"line":35,"column":18},"end":{"line":35,"column":45}},"22":{"start":{"line":36,"column":3},"end":{"line":36,"column":46}},"23":{"start":{"line":37,"column":3},"end":{"line":37,"column":32}},"24":{"start":{"line":39,"column":3},"end":{"line":39,"column":15}},"25":{"start":{"line":43,"column":2},"end":{"line":48,"column":3}},"26":{"start":{"line":44,"column":22},"end":{"line":44,"column":50}},"27":{"start":{"line":45,"column":3},"end":{"line":45,"column":36}},"28":{"start":{"line":47,"column":3},"end":{"line":47,"column":15}},"29":{"start":{"line":51,"column":2},"end":{"line":63,"column":3}},"30":{"start":{"line":52,"column":46},"end":{"line":52,"column":54}},"31":{"start":{"line":53,"column":18},"end":{"line":59,"column":5}},"32":{"start":{"line":60,"column":3},"end":{"line":60,"column":32}},"33":{"start":{"line":62,"column":3},"end":{"line":62,"column":15}},"34":{"start":{"line":66,"column":2},"end":{"line":75,"column":3}},"35":{"start":{"line":67,"column":28},"end":{"line":67,"column":38}},"36":{"start":{"line":68,"column":26},"end":{"line":68,"column":44}},"37":{"start":{"line":69,"column":29},"end":{"line":69,"column":37}},"38":{"start":{"line":70,"column":16},"end":{"line":70,"column":45}},"39":{"start":{"line":71,"column":18},"end":{"line":71,"column":64}},"40":{"start":{"line":72,"column":3},"end":{"line":72,"column":32}},"41":{"start":{"line":74,"column":3},"end":{"line":74,"column":15}},"42":{"start":{"line":78,"column":2},"end":{"line":86,"column":3}},"43":{"start":{"line":79,"column":28},"end":{"line":79,"column":38}},"44":{"start":{"line":80,"column":26},"end":{"line":80,"column":44}},"45":{"start":{"line":81,"column":22},"end":{"line":81,"column":30}},"46":{"start":{"line":82,"column":18},"end":{"line":82,"column":72}},"47":{"start":{"line":83,"column":3},"end":{"line":83,"column":32}},"48":{"start":{"line":85,"column":3},"end":{"line":85,"column":14}},"49":{"start":{"line":89,"column":2},"end":{"line":97,"column":3}},"50":{"start":{"line":90,"column":32},"end":{"line":90,"column":42}},"51":{"start":{"line":91,"column":26},"end":{"line":91,"column":44}},"52":{"start":{"line":92,"column":18},"end":{"line":92,"column":67}},"53":{"start":{"line":93,"column":3},"end":{"line":93,"column":77}},"54":{"start":{"line":93,"column":32},"end":{"line":93,"column":77}},"55":{"start":{"line":94,"column":3},"end":{"line":94,"column":32}},"56":{"start":{"line":96,"column":3},"end":{"line":96,"column":14}}},"fnMap":{"0":{"name":"(anonymous_0)","decl":{"start":{"line":7,"column":1},"end":{"line":7,"column":2}},"loc":{"start":{"line":7,"column":39},"end":{"line":31,"column":2}},"line":7},"1":{"name":"(anonymous_1)","decl":{"start":{"line":14,"column":22},"end":{"line":14,"column":23}},"loc":{"start":{"line":14,"column":34},"end":{"line":25,"column":4}},"line":14},"2":{"name":"(anonymous_2)","decl":{"start":{"line":26,"column":26},"end":{"line":26,"column":27}},"loc":{"start":{"line":26,"column":36},"end":{"line":26,"column":55}},"line":26},"3":{"name":"(anonymous_3)","decl":{"start":{"line":32,"column":1},"end":{"line":32,"column":2}},"loc":{"start":{"line":32,"column":41},"end":{"line":41,"column":2}},"line":32},"4":{"name":"(anonymous_4)","decl":{"start":{"line":42,"column":1},"end":{"line":42,"column":2}},"loc":{"start":{"line":42,"column":38},"end":{"line":49,"column":2}},"line":42},"5":{"name":"(anonymous_5)","decl":{"start":{"line":50,"column":1},"end":{"line":50,"column":2}},"loc":{"start":{"line":50,"column":43},"end":{"line":64,"column":2}},"line":50},"6":{"name":"(anonymous_6)","decl":{"start":{"line":65,"column":1},"end":{"line":65,"column":2}},"loc":{"start":{"line":65,"column":41},"end":{"line":76,"column":2}},"line":65},"7":{"name":"(anonymous_7)","decl":{"start":{"line":77,"column":1},"end":{"line":77,"column":2}},"loc":{"start":{"line":77,"column":41},"end":{"line":87,"column":2}},"line":77},"8":{"name":"(anonymous_8)","decl":{"start":{"line":88,"column":1},"end":{"line":88,"column":2}},"loc":{"start":{"line":88,"column":41},"end":{"line":98,"column":2}},"line":88}},"branchMap":{"0":{"loc":{"start":{"line":21,"column":4},"end":{"line":24,"column":5}},"type":"if","locations":[{"start":{"line":21,"column":4},"end":{"line":24,"column":5}},{"start":{},"end":{}}],"line":21},"1":{"loc":{"start":{"line":93,"column":3},"end":{"line":93,"column":77}},"type":"if","locations":[{"start":{"line":93,"column":3},"end":{"line":93,"column":77}},{"start":{},"end":{}}],"line":93}},"s":{"0":1,"1":1,"2":1,"3":1,"4":1,"5":0,"6":0,"7":0,"8":0,"9":0,"10":0,"11":0,"12":0,"13":0,"14":0,"15":0,"16":0,"17":0,"18":0,"19":0,"20":0,"21":0,"22":0,"23":0,"24":0,"25":0,"26":0,"27":0,"28":0,"29":0,"30":0,"31":0,"32":0,"33":0,"34":0,"35":0,"36":0,"37":0,"38":0,"39":0,"40":0,"41":0,"42":0,"43":0,"44":0,"45":0,"46":0,"47":0,"48":0,"49":0,"50":0,"51":0,"52":0,"53":0,"54":0,"55":0,"56":0},"f":{"0":0,"1":0,"2":0,"3":0,"4":0,"5":0,"6":0,"7":0,"8":0},"b":{"0":[0,0],"1":[0,0]},"_coverageSchema":"1a1c01bbd47fc00a2c39e90264f33305004495a9","hash":"4456a9886b026eade8239e619839804407d3be57"}
,"D:\\Hacktiv8\\p3\\ArcadeDB-server\\controllers\\BookmarkController.js": {"path":"D:\\Hacktiv8\\p3\\ArcadeDB-server\\controllers\\BookmarkController.js","statementMap":{"0":{"start":{"line":1,"column":17},"end":{"line":1,"column":46}},"1":{"start":{"line":3,"column":0},"end":{"line":48,"column":2}},"2":{"start":{"line":5,"column":2},"end":{"line":11,"column":3}},"3":{"start":{"line":6,"column":18},"end":{"line":6,"column":36}},"4":{"start":{"line":7,"column":16},"end":{"line":7,"column":42}},"5":{"start":{"line":8,"column":3},"end":{"line":8,"column":30}},"6":{"start":{"line":10,"column":3},"end":{"line":10,"column":15}},"7":{"start":{"line":14,"column":2},"end":{"line":36,"column":3}},"8":{"start":{"line":15,"column":28},"end":{"line":15,"column":38}},"9":{"start":{"line":16,"column":35},"end":{"line":16,"column":53}},"10":{"start":{"line":17,"column":16},"end":{"line":17,"column":46}},"11":{"start":{"line":18,"column":25},"end":{"line":20,"column":4}},"12":{"start":{"line":19,"column":12},"end":{"line":19,"column":38}},"13":{"start":{"line":21,"column":3},"end":{"line":25,"column":6}},"14":{"start":{"line":22,"column":4},"end":{"line":25,"column":6}},"15":{"start":{"line":26,"column":3},"end":{"line":31,"column":4}},"16":{"start":{"line":27,"column":4},"end":{"line":30,"column":6}},"17":{"start":{"line":32,"column":18},"end":{"line":32,"column":62}},"18":{"start":{"line":33,"column":3},"end":{"line":33,"column":32}},"19":{"start":{"line":35,"column":3},"end":{"line":35,"column":15}},"20":{"start":{"line":39,"column":2},"end":{"line":46,"column":3}},"21":{"start":{"line":40,"column":26},"end":{"line":40,"column":44}},"22":{"start":{"line":41,"column":28},"end":{"line":41,"column":38}},"23":{"start":{"line":42,"column":18},"end":{"line":42,"column":67}},"24":{"start":{"line":43,"column":3},"end":{"line":43,"column":32}},"25":{"start":{"line":45,"column":3},"end":{"line":45,"column":15}}},"fnMap":{"0":{"name":"(anonymous_0)","decl":{"start":{"line":4,"column":1},"end":{"line":4,"column":2}},"loc":{"start":{"line":4,"column":38},"end":{"line":12,"column":2}},"line":4},"1":{"name":"(anonymous_1)","decl":{"start":{"line":13,"column":1},"end":{"line":13,"column":2}},"loc":{"start":{"line":13,"column":42},"end":{"line":37,"column":2}},"line":13},"2":{"name":"(anonymous_2)","decl":{"start":{"line":19,"column":4},"end":{"line":19,"column":5}},"loc":{"start":{"line":19,"column":12},"end":{"line":19,"column":38}},"line":19},"3":{"name":"(anonymous_3)","decl":{"start":{"line":38,"column":1},"end":{"line":38,"column":2}},"loc":{"start":{"line":38,"column":45},"end":{"line":47,"column":2}},"line":38}},"branchMap":{"0":{"loc":{"start":{"line":21,"column":3},"end":{"line":25,"column":6}},"type":"if","locations":[{"start":{"line":21,"column":3},"end":{"line":25,"column":6}},{"start":{},"end":{}}],"line":21},"1":{"loc":{"start":{"line":26,"column":3},"end":{"line":31,"column":4}},"type":"if","locations":[{"start":{"line":26,"column":3},"end":{"line":31,"column":4}},{"start":{},"end":{}}],"line":26}},"s":{"0":1,"1":1,"2":0,"3":0,"4":0,"5":0,"6":0,"7":0,"8":0,"9":0,"10":0,"11":0,"12":0,"13":0,"14":0,"15":0,"16":0,"17":0,"18":0,"19":0,"20":0,"21":0,"22":0,"23":0,"24":0,"25":0},"f":{"0":0,"1":0,"2":0,"3":0},"b":{"0":[0,0],"1":[0,0]},"_coverageSchema":"1a1c01bbd47fc00a2c39e90264f33305004495a9","hash":"5505ea3d15b813d215495ccaadc66e721568ec5a"}
,"D:\\Hacktiv8\\p3\\ArcadeDB-server\\controllers\\GameController.js": {"path":"D:\\Hacktiv8\\p3\\ArcadeDB-server\\controllers\\GameController.js","statementMap":{"0":{"start":{"line":1,"column":13},"end":{"line":1,"column":38}},"1":{"start":{"line":3,"column":0},"end":{"line":29,"column":2}},"2":{"start":{"line":5,"column":2},"end":{"line":10,"column":3}},"3":{"start":{"line":6,"column":17},"end":{"line":6,"column":37}},"4":{"start":{"line":7,"column":3},"end":{"line":7,"column":31}},"5":{"start":{"line":9,"column":3},"end":{"line":9,"column":15}},"6":{"start":{"line":13,"column":2},"end":{"line":18,"column":3}},"7":{"start":{"line":14,"column":27},"end":{"line":14,"column":49}},"8":{"start":{"line":15,"column":12},"end":{"line":15,"column":41}},"9":{"start":{"line":17,"column":3},"end":{"line":17,"column":15}},"10":{"start":{"line":21,"column":2},"end":{"line":27,"column":3}},"11":{"start":{"line":22,"column":18},"end":{"line":22,"column":28}},"12":{"start":{"line":23,"column":16},"end":{"line":23,"column":41}},"13":{"start":{"line":24,"column":3},"end":{"line":24,"column":30}},"14":{"start":{"line":26,"column":3},"end":{"line":26,"column":15}}},"fnMap":{"0":{"name":"(anonymous_0)","decl":{"start":{"line":4,"column":1},"end":{"line":4,"column":2}},"loc":{"start":{"line":4,"column":38},"end":{"line":11,"column":2}},"line":4},"1":{"name":"(anonymous_1)","decl":{"start":{"line":12,"column":1},"end":{"line":12,"column":2}},"loc":{"start":{"line":12,"column":40},"end":{"line":19,"column":2}},"line":12},"2":{"name":"(anonymous_2)","decl":{"start":{"line":20,"column":1},"end":{"line":20,"column":2}},"loc":{"start":{"line":20,"column":47},"end":{"line":28,"column":2}},"line":20}},"branchMap":{},"s":{"0":1,"1":1,"2":0,"3":0,"4":0,"5":0,"6":0,"7":0,"8":0,"9":0,"10":0,"11":0,"12":0,"13":0,"14":0},"f":{"0":0,"1":0,"2":0},"b":{},"_coverageSchema":"1a1c01bbd47fc00a2c39e90264f33305004495a9","hash":"9cb74851af3b28a0b52e1502f16705d00159b130"}
,"D:\\Hacktiv8\\p3\\ArcadeDB-server\\controllers\\MessageController.js": {"path":"D:\\Hacktiv8\\p3\\ArcadeDB-server\\controllers\\MessageController.js","statementMap":{"0":{"start":{"line":1,"column":14},"end":{"line":1,"column":56}},"1":{"start":{"line":3,"column":0},"end":{"line":111,"column":2}},"2":{"start":{"line":5,"column":2},"end":{"line":54,"column":3}},"3":{"start":{"line":6,"column":28},"end":{"line":6,"column":46}},"4":{"start":{"line":7,"column":35},"end":{"line":7,"column":43}},"5":{"start":{"line":8,"column":3},"end":{"line":12,"column":6}},"6":{"start":{"line":9,"column":4},"end":{"line":12,"column":6}},"7":{"start":{"line":13,"column":29},"end":{"line":15,"column":37}},"8":{"start":{"line":16,"column":3},"end":{"line":22,"column":6}},"9":{"start":{"line":24,"column":31},"end":{"line":26,"column":39}},"10":{"start":{"line":27,"column":3},"end":{"line":33,"column":6}},"11":{"start":{"line":34,"column":26},"end":{"line":40,"column":4}},"12":{"start":{"line":41,"column":3},"end":{"line":50,"column":7}},"13":{"start":{"line":45,"column":5},"end":{"line":45,"column":57}},"14":{"start":{"line":48,"column":5},"end":{"line":48,"column":26}},"15":{"start":{"line":49,"column":5},"end":{"line":49,"column":64}},"16":{"start":{"line":52,"column":3},"end":{"line":52,"column":22}},"17":{"start":{"line":53,"column":3},"end":{"line":53,"column":15}},"18":{"start":{"line":57,"column":2},"end":{"line":81,"column":3}},"19":{"start":{"line":58,"column":18},"end":{"line":58,"column":36}},"20":{"start":{"line":59,"column":27},"end":{"line":59,"column":70}},"21":{"start":{"line":60,"column":3},"end":{"line":77,"column":6}},"22":{"start":{"line":61,"column":24},"end":{"line":61,"column":38}},"23":{"start":{"line":62,"column":27},"end":{"line":62,"column":29}},"24":{"start":{"line":63,"column":4},"end":{"line":75,"column":5}},"25":{"start":{"line":64,"column":21},"end":{"line":64,"column":43}},"26":{"start":{"line":65,"column":23},"end":{"line":67,"column":24}},"27":{"start":{"line":68,"column":5},"end":{"line":73,"column":6}},"28":{"start":{"line":72,"column":6},"end":{"line":72,"column":15}},"29":{"start":{"line":74,"column":5},"end":{"line":74,"column":41}},"30":{"start":{"line":76,"column":4},"end":{"line":76,"column":55}},"31":{"start":{"line":79,"column":3},"end":{"line":79,"column":22}},"32":{"start":{"line":80,"column":3},"end":{"line":80,"column":15}},"33":{"start":{"line":84,"column":2},"end":{"line":109,"column":3}},"34":{"start":{"line":85,"column":33},"end":{"line":85,"column":51}},"35":{"start":{"line":86,"column":25},"end":{"line":86,"column":38}},"36":{"start":{"line":87,"column":27},"end":{"line":89,"column":42}},"37":{"start":{"line":90,"column":3},"end":{"line":105,"column":6}},"38":{"start":{"line":91,"column":24},"end":{"line":91,"column":38}},"39":{"start":{"line":92,"column":25},"end":{"line":92,"column":27}},"40":{"start":{"line":93,"column":4},"end":{"line":103,"column":5}},"41":{"start":{"line":94,"column":21},"end":{"line":94,"column":43}},"42":{"start":{"line":95,"column":5},"end":{"line":102,"column":6}},"43":{"start":{"line":101,"column":6},"end":{"line":101,"column":40}},"44":{"start":{"line":104,"column":4},"end":{"line":104,"column":53}},"45":{"start":{"line":107,"column":3},"end":{"line":107,"column":22}},"46":{"start":{"line":108,"column":3},"end":{"line":108,"column":15}}},"fnMap":{"0":{"name":"(anonymous_0)","decl":{"start":{"line":4,"column":1},"end":{"line":4,"column":2}},"loc":{"start":{"line":4,"column":42},"end":{"line":55,"column":2}},"line":4},"1":{"name":"(anonymous_1)","decl":{"start":{"line":44,"column":10},"end":{"line":44,"column":11}},"loc":{"start":{"line":44,"column":24},"end":{"line":46,"column":5}},"line":44},"2":{"name":"(anonymous_2)","decl":{"start":{"line":47,"column":11},"end":{"line":47,"column":12}},"loc":{"start":{"line":47,"column":22},"end":{"line":50,"column":5}},"line":47},"3":{"name":"(anonymous_3)","decl":{"start":{"line":56,"column":1},"end":{"line":56,"column":2}},"loc":{"start":{"line":56,"column":41},"end":{"line":82,"column":2}},"line":56},"4":{"name":"(anonymous_4)","decl":{"start":{"line":60,"column":33},"end":{"line":60,"column":34}},"loc":{"start":{"line":60,"column":53},"end":{"line":77,"column":4}},"line":60},"5":{"name":"(anonymous_5)","decl":{"start":{"line":83,"column":1},"end":{"line":83,"column":2}},"loc":{"start":{"line":83,"column":40},"end":{"line":110,"column":2}},"line":83},"6":{"name":"(anonymous_6)","decl":{"start":{"line":90,"column":33},"end":{"line":90,"column":34}},"loc":{"start":{"line":90,"column":53},"end":{"line":105,"column":4}},"line":90}},"branchMap":{"0":{"loc":{"start":{"line":8,"column":3},"end":{"line":12,"column":6}},"type":"if","locations":[{"start":{"line":8,"column":3},"end":{"line":12,"column":6}},{"start":{},"end":{}}],"line":8},"1":{"loc":{"start":{"line":65,"column":23},"end":{"line":67,"column":24}},"type":"cond-expr","locations":[{"start":{"line":66,"column":8},"end":{"line":66,"column":26}},{"start":{"line":67,"column":8},"end":{"line":67,"column":24}}],"line":65},"2":{"loc":{"start":{"line":68,"column":5},"end":{"line":73,"column":6}},"type":"if","locations":[{"start":{"line":68,"column":5},"end":{"line":73,"column":6}},{"start":{},"end":{}}],"line":68},"3":{"loc":{"start":{"line":69,"column":6},"end":{"line":70,"column":51}},"type":"binary-expr","locations":[{"start":{"line":69,"column":6},"end":{"line":69,"column":31}},{"start":{"line":70,"column":6},"end":{"line":70,"column":51}}],"line":69},"4":{"loc":{"start":{"line":95,"column":5},"end":{"line":102,"column":6}},"type":"if","locations":[{"start":{"line":95,"column":5},"end":{"line":102,"column":6}},{"start":{},"end":{}}],"line":95},"5":{"loc":{"start":{"line":96,"column":6},"end":{"line":99,"column":43}},"type":"binary-expr","locations":[{"start":{"line":96,"column":7},"end":{"line":96,"column":40}},{"start":{"line":97,"column":7},"end":{"line":97,"column":42}},{"start":{"line":98,"column":7},"end":{"line":98,"column":40}},{"start":{"line":99,"column":7},"end":{"line":99,"column":42}}],"line":96}},"s":{"0":1,"1":1,"2":0,"3":0,"4":0,"5":0,"6":0,"7":0,"8":0,"9":0,"10":0,"11":0,"12":0,"13":0,"14":0,"15":0,"16":0,"17":0,"18":0,"19":0,"20":0,"21":0,"22":0,"23":0,"24":0,"25":0,"26":0,"27":0,"28":0,"29":0,"30":0,"31":0,"32":0,"33":0,"34":0,"35":0,"36":0,"37":0,"38":0,"39":0,"40":0,"41":0,"42":0,"43":0,"44":0,"45":0,"46":0},"f":{"0":0,"1":0,"2":0,"3":0,"4":0,"5":0,"6":0},"b":{"0":[0,0],"1":[0,0],"2":[0,0],"3":[0,0],"4":[0,0],"5":[0,0,0,0]},"_coverageSchema":"1a1c01bbd47fc00a2c39e90264f33305004495a9","hash":"739ef071f509dfcaf535b6ecb73d7de5753efa54"}
,"D:\\Hacktiv8\\p3\\ArcadeDB-server\\controllers\\UserController.js": {"path":"D:\\Hacktiv8\\p3\\ArcadeDB-server\\controllers\\UserController.js","statementMap":{"0":{"start":{"line":1,"column":13},"end":{"line":1,"column":38}},"1":{"start":{"line":2,"column":15},"end":{"line":2,"column":32}},"2":{"start":{"line":3,"column":15},"end":{"line":3,"column":48}},"3":{"start":{"line":4,"column":26},"end":{"line":4,"column":51}},"4":{"start":{"line":5,"column":23},"end":{"line":5,"column":49}},"5":{"start":{"line":6,"column":23},"end":{"line":6,"column":59}},"6":{"start":{"line":7,"column":0},"end":{"line":147,"column":2}},"7":{"start":{"line":9,"column":2},"end":{"line":15,"column":3}},"8":{"start":{"line":10,"column":16},"end":{"line":10,"column":36}},"9":{"start":{"line":11,"column":3},"end":{"line":11,"column":30}},"10":{"start":{"line":13,"column":3},"end":{"line":13,"column":22}},"11":{"start":{"line":14,"column":3},"end":{"line":14,"column":15}},"12":{"start":{"line":18,"column":2},"end":{"line":32,"column":3}},"13":{"start":{"line":19,"column":57},"end":{"line":19,"column":65}},"14":{"start":{"line":20,"column":3},"end":{"line":21,"column":45}},"15":{"start":{"line":20,"column":26},"end":{"line":20,"column":47}},"16":{"start":{"line":21,"column":8},"end":{"line":21,"column":45}},"17":{"start":{"line":22,"column":18},"end":{"line":27,"column":5}},"18":{"start":{"line":28,"column":3},"end":{"line":28,"column":26}},"19":{"start":{"line":29,"column":3},"end":{"line":29,"column":32}},"20":{"start":{"line":31,"column":3},"end":{"line":31,"column":15}},"21":{"start":{"line":35,"column":2},"end":{"line":41,"column":3}},"22":{"start":{"line":36,"column":18},"end":{"line":36,"column":28}},"23":{"start":{"line":37,"column":16},"end":{"line":37,"column":39}},"24":{"start":{"line":38,"column":3},"end":{"line":38,"column":30}},"25":{"start":{"line":40,"column":3},"end":{"line":40,"column":15}},"26":{"start":{"line":44,"column":2},"end":{"line":67,"column":3}},"27":{"start":{"line":45,"column":31},"end":{"line":45,"column":39}},"28":{"start":{"line":46,"column":16},"end":{"line":46,"column":56}},"29":{"start":{"line":47,"column":3},"end":{"line":51,"column":6}},"30":{"start":{"line":48,"column":4},"end":{"line":51,"column":6}},"31":{"start":{"line":52,"column":17},"end":{"line":52,"column":60}},"32":{"start":{"line":53,"column":3},"end":{"line":57,"column":6}},"33":{"start":{"line":54,"column":4},"end":{"line":57,"column":6}},"34":{"start":{"line":58,"column":17},"end":{"line":61,"column":5}},"35":{"start":{"line":62,"column":3},"end":{"line":64,"column":6}},"36":{"start":{"line":66,"column":3},"end":{"line":66,"column":15}},"37":{"start":{"line":71,"column":2},"end":{"line":99,"column":3}},"38":{"start":{"line":72,"column":20},"end":{"line":72,"column":62}},"39":{"start":{"line":74,"column":14},"end":{"line":77,"column":5}},"40":{"start":{"line":79,"column":19},"end":{"line":92,"column":4}},"41":{"start":{"line":94,"column":26},"end":{"line":94,"column":65}},"42":{"start":{"line":95,"column":3},"end":{"line":95,"column":40}},"43":{"start":{"line":97,"column":3},"end":{"line":97,"column":20}},"44":{"start":{"line":98,"column":3},"end":{"line":98,"column":13}},"45":{"start":{"line":102,"column":2},"end":{"line":107,"column":3}},"46":{"start":{"line":103,"column":16},"end":{"line":103,"column":46}},"47":{"start":{"line":104,"column":3},"end":{"line":104,"column":30}},"48":{"start":{"line":106,"column":3},"end":{"line":106,"column":15}},"49":{"start":{"line":110,"column":2},"end":{"line":117,"column":3}},"50":{"start":{"line":111,"column":30},"end":{"line":111,"column":48}},"51":{"start":{"line":112,"column":30},"end":{"line":112,"column":40}},"52":{"start":{"line":113,"column":18},"end":{"line":113,"column":67}},"53":{"start":{"line":114,"column":3},"end":{"line":114,"column":32}},"54":{"start":{"line":116,"column":3},"end":{"line":116,"column":15}},"55":{"start":{"line":120,"column":2},"end":{"line":127,"column":3}},"56":{"start":{"line":121,"column":30},"end":{"line":121,"column":48}},"57":{"start":{"line":122,"column":30},"end":{"line":122,"column":40}},"58":{"start":{"line":123,"column":18},"end":{"line":123,"column":67}},"59":{"start":{"line":124,"column":3},"end":{"line":124,"column":32}},"60":{"start":{"line":126,"column":3},"end":{"line":126,"column":15}},"61":{"start":{"line":130,"column":2},"end":{"line":136,"column":3}},"62":{"start":{"line":131,"column":30},"end":{"line":131,"column":48}},"63":{"start":{"line":132,"column":16},"end":{"line":132,"column":52}},"64":{"start":{"line":133,"column":3},"end":{"line":133,"column":30}},"65":{"start":{"line":135,"column":3},"end":{"line":135,"column":15}},"66":{"start":{"line":139,"column":2},"end":{"line":145,"column":3}},"67":{"start":{"line":140,"column":30},"end":{"line":140,"column":48}},"68":{"start":{"line":141,"column":16},"end":{"line":141,"column":51}},"69":{"start":{"line":142,"column":3},"end":{"line":142,"column":30}},"70":{"start":{"line":144,"column":3},"end":{"line":144,"column":15}}},"fnMap":{"0":{"name":"(anonymous_0)","decl":{"start":{"line":8,"column":1},"end":{"line":8,"column":2}},"loc":{"start":{"line":8,"column":38},"end":{"line":16,"column":2}},"line":8},"1":{"name":"(anonymous_1)","decl":{"start":{"line":17,"column":1},"end":{"line":17,"column":2}},"loc":{"start":{"line":17,"column":37},"end":{"line":33,"column":2}},"line":17},"2":{"name":"(anonymous_2)","decl":{"start":{"line":34,"column":1},"end":{"line":34,"column":2}},"loc":{"start":{"line":34,"column":38},"end":{"line":42,"column":2}},"line":34},"3":{"name":"(anonymous_3)","decl":{"start":{"line":43,"column":1},"end":{"line":43,"column":2}},"loc":{"start":{"line":43,"column":36},"end":{"line":68,"column":2}},"line":43},"4":{"name":"(anonymous_4)","decl":{"start":{"line":70,"column":1},"end":{"line":70,"column":2}},"loc":{"start":{"line":70,"column":42},"end":{"line":100,"column":2}},"line":70},"5":{"name":"(anonymous_5)","decl":{"start":{"line":101,"column":1},"end":{"line":101,"column":2}},"loc":{"start":{"line":101,"column":42},"end":{"line":108,"column":2}},"line":101},"6":{"name":"(anonymous_6)","decl":{"start":{"line":109,"column":1},"end":{"line":109,"column":2}},"loc":{"start":{"line":109,"column":41},"end":{"line":118,"column":2}},"line":109},"7":{"name":"(anonymous_7)","decl":{"start":{"line":119,"column":1},"end":{"line":119,"column":2}},"loc":{"start":{"line":119,"column":43},"end":{"line":128,"column":2}},"line":119},"8":{"name":"(anonymous_8)","decl":{"start":{"line":129,"column":1},"end":{"line":129,"column":2}},"loc":{"start":{"line":129,"column":43},"end":{"line":137,"column":2}},"line":129},"9":{"name":"(anonymous_9)","decl":{"start":{"line":138,"column":1},"end":{"line":138,"column":2}},"loc":{"start":{"line":138,"column":43},"end":{"line":146,"column":2}},"line":138}},"branchMap":{"0":{"loc":{"start":{"line":20,"column":3},"end":{"line":21,"column":45}},"type":"if","locations":[{"start":{"line":20,"column":3},"end":{"line":21,"column":45}},{"start":{"line":21,"column":8},"end":{"line":21,"column":45}}],"line":20},"1":{"loc":{"start":{"line":47,"column":3},"end":{"line":51,"column":6}},"type":"if","locations":[{"start":{"line":47,"column":3},"end":{"line":51,"column":6}},{"start":{},"end":{}}],"line":47},"2":{"loc":{"start":{"line":53,"column":3},"end":{"line":57,"column":6}},"type":"if","locations":[{"start":{"line":53,"column":3},"end":{"line":57,"column":6}},{"start":{},"end":{}}],"line":53}},"s":{"0":1,"1":1,"2":1,"3":1,"4":1,"5":1,"6":1,"7":0,"8":0,"9":0,"10":0,"11":0,"12":6,"13":6,"14":6,"15":6,"16":0,"17":6,"18":1,"19":1,"20":5,"21":0,"22":0,"23":0,"24":0,"25":0,"26":3,"27":3,"28":3,"29":3,"30":1,"31":2,"32":2,"33":1,"34":1,"35":1,"36":2,"37":0,"38":0,"39":0,"40":0,"41":0,"42":0,"43":0,"44":0,"45":0,"46":0,"47":0,"48":0,"49":0,"50":0,"51":0,"52":0,"53":0,"54":0,"55":0,"56":0,"57":0,"58":0,"59":0,"60":0,"61":0,"62":0,"63":0,"64":0,"65":0,"66":0,"67":0,"68":0,"69":0,"70":0},"f":{"0":0,"1":6,"2":0,"3":3,"4":0,"5":0,"6":0,"7":0,"8":0,"9":0},"b":{"0":[6,0],"1":[1,2],"2":[1,1]},"_coverageSchema":"1a1c01bbd47fc00a2c39e90264f33305004495a9","hash":"ab8b9bd04a119c0d639e2072c9b0fea9d2bdce98"}
,"D:\\Hacktiv8\\p3\\ArcadeDB-server\\firebase_config\\firebase_sdk.js": {"path":"D:\\Hacktiv8\\p3\\ArcadeDB-server\\firebase_config\\firebase_sdk.js","statementMap":{"0":{"start":{"line":24,"column":14},"end":{"line":24,"column":39}},"1":{"start":{"line":26,"column":23},"end":{"line":26,"column":90}},"2":{"start":{"line":27,"column":0},"end":{"line":30,"column":3}},"3":{"start":{"line":32,"column":0},"end":{"line":32,"column":23}}},"fnMap":{},"branchMap":{},"s":{"0":1,"1":1,"2":1,"3":1},"f":{},"b":{},"_coverageSchema":"1a1c01bbd47fc00a2c39e90264f33305004495a9","hash":"7afad1e593a9721d882ac6e50e6387bb8f91b4c0"}
,"D:\\Hacktiv8\\p3\\ArcadeDB-server\\helpers\\dateGroup.js": {"path":"D:\\Hacktiv8\\p3\\ArcadeDB-server\\helpers\\dateGroup.js","statementMap":{"0":{"start":{"line":1,"column":0},"end":{"line":14,"column":2}},"1":{"start":{"line":2,"column":1},"end":{"line":13,"column":8}},"2":{"start":{"line":3,"column":15},"end":{"line":3,"column":37}},"3":{"start":{"line":4,"column":24},"end":{"line":6,"column":22}},"4":{"start":{"line":7,"column":46},"end":{"line":7,"column":53}},"5":{"start":{"line":8,"column":2},"end":{"line":10,"column":3}},"6":{"start":{"line":9,"column":3},"end":{"line":9,"column":27}},"7":{"start":{"line":11,"column":2},"end":{"line":11,"column":39}},"8":{"start":{"line":12,"column":2},"end":{"line":12,"column":13}}},"fnMap":{"0":{"name":"groupSessionsByDate","decl":{"start":{"line":1,"column":26},"end":{"line":1,"column":45}},"loc":{"start":{"line":1,"column":56},"end":{"line":14,"column":1}},"line":1},"1":{"name":"(anonymous_1)","decl":{"start":{"line":2,"column":24},"end":{"line":2,"column":25}},"loc":{"start":{"line":2,"column":42},"end":{"line":13,"column":2}},"line":2}},"branchMap":{"0":{"loc":{"start":{"line":8,"column":2},"end":{"line":10,"column":3}},"type":"if","locations":[{"start":{"line":8,"column":2},"end":{"line":10,"column":3}},{"start":{},"end":{}}],"line":8}},"s":{"0":1,"1":0,"2":0,"3":0,"4":0,"5":0,"6":0,"7":0,"8":0},"f":{"0":0,"1":0},"b":{"0":[0,0]},"_coverageSchema":"1a1c01bbd47fc00a2c39e90264f33305004495a9","hash":"bb3b6cbf95378658710ccb69d369bd0a7bf09fba"}
,"D:\\Hacktiv8\\p3\\ArcadeDB-server\\helpers\\haversineDistance.js": {"path":"D:\\Hacktiv8\\p3\\ArcadeDB-server\\helpers\\haversineDistance.js","statementMap":{"0":{"start":{"line":1,"column":0},"end":{"line":21,"column":2}},"1":{"start":{"line":2,"column":1},"end":{"line":20,"column":2}},"2":{"start":{"line":3,"column":2},"end":{"line":3,"column":11}},"3":{"start":{"line":5,"column":16},"end":{"line":5,"column":38}},"4":{"start":{"line":6,"column":16},"end":{"line":6,"column":38}},"5":{"start":{"line":7,"column":14},"end":{"line":7,"column":25}},"6":{"start":{"line":8,"column":17},"end":{"line":8,"column":40}},"7":{"start":{"line":10,"column":3},"end":{"line":11,"column":61}},"8":{"start":{"line":12,"column":2},"end":{"line":14,"column":3}},"9":{"start":{"line":13,"column":3},"end":{"line":13,"column":12}},"10":{"start":{"line":15,"column":2},"end":{"line":15,"column":25}},"11":{"start":{"line":16,"column":2},"end":{"line":16,"column":32}},"12":{"start":{"line":17,"column":2},"end":{"line":17,"column":28}},"13":{"start":{"line":18,"column":2},"end":{"line":18,"column":25}},"14":{"start":{"line":19,"column":2},"end":{"line":19,"column":14}}},"fnMap":{"0":{"name":"(anonymous_0)","decl":{"start":{"line":1,"column":17},"end":{"line":1,"column":18}},"loc":{"start":{"line":1,"column":45},"end":{"line":21,"column":1}},"line":1}},"branchMap":{"0":{"loc":{"start":{"line":2,"column":1},"end":{"line":20,"column":2}},"type":"if","locations":[{"start":{"line":2,"column":1},"end":{"line":20,"column":2}},{"start":{"line":4,"column":8},"end":{"line":20,"column":2}}],"line":2},"1":{"loc":{"start":{"line":2,"column":5},"end":{"line":2,"column":33}},"type":"binary-expr","locations":[{"start":{"line":2,"column":5},"end":{"line":2,"column":17}},{"start":{"line":2,"column":21},"end":{"line":2,"column":33}}],"line":2},"2":{"loc":{"start":{"line":12,"column":2},"end":{"line":14,"column":3}},"type":"if","locations":[{"start":{"line":12,"column":2},"end":{"line":14,"column":3}},{"start":{},"end":{}}],"line":12}},"s":{"0":1,"1":0,"2":0,"3":0,"4":0,"5":0,"6":0,"7":0,"8":0,"9":0,"10":0,"11":0,"12":0,"13":0,"14":0},"f":{"0":0},"b":{"0":[0,0],"1":[0,0],"2":[0,0]},"_coverageSchema":"1a1c01bbd47fc00a2c39e90264f33305004495a9","hash":"3d5404800bdeae97d5342aa61581b17ead022dff"}
,"D:\\Hacktiv8\\p3\\ArcadeDB-server\\helpers\\jwt.js": {"path":"D:\\Hacktiv8\\p3\\ArcadeDB-server\\helpers\\jwt.js","statementMap":{"0":{"start":{"line":3,"column":12},"end":{"line":3,"column":35}},"1":{"start":{"line":4,"column":15},"end":{"line":4,"column":24}},"2":{"start":{"line":6,"column":22},"end":{"line":8,"column":1}},"3":{"start":{"line":7,"column":2},"end":{"line":7,"column":35}},"4":{"start":{"line":10,"column":20},"end":{"line":12,"column":1}},"5":{"start":{"line":11,"column":2},"end":{"line":11,"column":35}},"6":{"start":{"line":14,"column":0},"end":{"line":14,"column":48}}},"fnMap":{"0":{"name":"(anonymous_0)","decl":{"start":{"line":6,"column":22},"end":{"line":6,"column":23}},"loc":{"start":{"line":6,"column":35},"end":{"line":8,"column":1}},"line":6},"1":{"name":"(anonymous_1)","decl":{"start":{"line":10,"column":20},"end":{"line":10,"column":21}},"loc":{"start":{"line":10,"column":31},"end":{"line":12,"column":1}},"line":10}},"branchMap":{},"s":{"0":1,"1":1,"2":1,"3":1,"4":1,"5":0,"6":1},"f":{"0":1,"1":0},"b":{},"_coverageSchema":"1a1c01bbd47fc00a2c39e90264f33305004495a9","hash":"74785d5839700ee0c219980f21d45f5d93908379"}
,"D:\\Hacktiv8\\p3\\ArcadeDB-server\\middlewares\\authentication.js": {"path":"D:\\Hacktiv8\\p3\\ArcadeDB-server\\middlewares\\authentication.js","statementMap":{"0":{"start":{"line":1,"column":22},"end":{"line":1,"column":47}},"1":{"start":{"line":3,"column":13},"end":{"line":3,"column":38}},"2":{"start":{"line":7,"column":4},"end":{"line":30,"column":5}},"3":{"start":{"line":9,"column":31},"end":{"line":9,"column":42}},"4":{"start":{"line":12,"column":8},"end":{"line":14,"column":9}},"5":{"start":{"line":13,"column":12},"end":{"line":13,"column":71}},"6":{"start":{"line":15,"column":24},"end":{"line":15,"column":49}},"7":{"start":{"line":16,"column":19},"end":{"line":16,"column":21}},"8":{"start":{"line":17,"column":8},"end":{"line":17,"column":46}},"9":{"start":{"line":18,"column":8},"end":{"line":20,"column":9}},"10":{"start":{"line":19,"column":12},"end":{"line":19,"column":71}},"11":{"start":{"line":21,"column":8},"end":{"line":25,"column":9}},"12":{"start":{"line":26,"column":8},"end":{"line":26,"column":14}},"13":{"start":{"line":29,"column":8},"end":{"line":29,"column":17}},"14":{"start":{"line":33,"column":0},"end":{"line":33,"column":33}}},"fnMap":{"0":{"name":"authentication","decl":{"start":{"line":6,"column":15},"end":{"line":6,"column":29}},"loc":{"start":{"line":6,"column":43},"end":{"line":31,"column":1}},"line":6}},"branchMap":{"0":{"loc":{"start":{"line":12,"column":8},"end":{"line":14,"column":9}},"type":"if","locations":[{"start":{"line":12,"column":8},"end":{"line":14,"column":9}},{"start":{},"end":{}}],"line":12},"1":{"loc":{"start":{"line":18,"column":8},"end":{"line":20,"column":9}},"type":"if","locations":[{"start":{"line":18,"column":8},"end":{"line":20,"column":9}},{"start":{},"end":{}}],"line":18}},"s":{"0":1,"1":1,"2":0,"3":0,"4":0,"5":0,"6":0,"7":0,"8":0,"9":0,"10":0,"11":0,"12":0,"13":0,"14":1},"f":{"0":0},"b":{"0":[0,0],"1":[0,0]},"_coverageSchema":"1a1c01bbd47fc00a2c39e90264f33305004495a9","hash":"99ed4604d06bf3078a5e1e203e31532b74d795d5"}
,"D:\\Hacktiv8\\p3\\ArcadeDB-server\\middlewares\\errorHandling.js": {"path":"D:\\Hacktiv8\\p3\\ArcadeDB-server\\middlewares\\errorHandling.js","statementMap":{"0":{"start":{"line":1,"column":0},"end":{"line":26,"column":2}},"1":{"start":{"line":2,"column":12},"end":{"line":2,"column":13}},"2":{"start":{"line":3,"column":1},"end":{"line":22,"column":2}},"3":{"start":{"line":9,"column":3},"end":{"line":9,"column":14}},"4":{"start":{"line":10,"column":3},"end":{"line":10,"column":9}},"5":{"start":{"line":14,"column":3},"end":{"line":14,"column":14}},"6":{"start":{"line":15,"column":3},"end":{"line":15,"column":9}},"7":{"start":{"line":18,"column":3},"end":{"line":18,"column":14}},"8":{"start":{"line":19,"column":3},"end":{"line":19,"column":9}},"9":{"start":{"line":21,"column":3},"end":{"line":21,"column":14}},"10":{"start":{"line":23,"column":1},"end":{"line":25,"column":4}}},"fnMap":{"0":{"name":"(anonymous_0)","decl":{"start":{"line":1,"column":17},"end":{"line":1,"column":18}},"loc":{"start":{"line":1,"column":44},"end":{"line":26,"column":1}},"line":1}},"branchMap":{"0":{"loc":{"start":{"line":3,"column":1},"end":{"line":22,"column":2}},"type":"switch","locations":[{"start":{"line":4,"column":2},"end":{"line":4,"column":25}},{"start":{"line":5,"column":2},"end":{"line":5,"column":21}},{"start":{"line":6,"column":2},"end":{"line":6,"column":24}},{"start":{"line":7,"column":2},"end":{"line":7,"column":21}},{"start":{"line":8,"column":2},"end":{"line":10,"column":9}},{"start":{"line":11,"column":2},"end":{"line":11,"column":22}},{"start":{"line":12,"column":2},"end":{"line":12,"column":22}},{"start":{"line":13,"column":2},"end":{"line":15,"column":9}},{"start":{"line":16,"column":2},"end":{"line":16,"column":18}},{"start":{"line":17,"column":2},"end":{"line":19,"column":9}},{"start":{"line":20,"column":2},"end":{"line":21,"column":14}}],"line":3},"1":{"loc":{"start":{"line":24,"column":11},"end":{"line":24,"column":51}},"type":"binary-expr","locations":[{"start":{"line":24,"column":11},"end":{"line":24,"column":24}},{"start":{"line":24,"column":28},"end":{"line":24,"column":51}}],"line":24}},"s":{"0":1,"1":7,"2":7,"3":5,"4":5,"5":2,"6":2,"7":0,"8":0,"9":0,"10":7},"f":{"0":7},"b":{"0":[3,4,5,5,5,0,2,2,0,0,0],"1":[7,0]},"_coverageSchema":"1a1c01bbd47fc00a2c39e90264f33305004495a9","hash":"9fc0c3192a20de44296b958014f61ee120eec91a"}
,"D:\\Hacktiv8\\p3\\ArcadeDB-server\\models\\Arcade.js": {"path":"D:\\Hacktiv8\\p3\\ArcadeDB-server\\models\\Arcade.js","statementMap":{"0":{"start":{"line":1,"column":15},"end":{"line":1,"column":48}},"1":{"start":{"line":3,"column":22},"end":{"line":8,"column":1}},"2":{"start":{"line":4,"column":1},"end":{"line":6,"column":2}},"3":{"start":{"line":5,"column":2},"end":{"line":5,"column":31}},"4":{"start":{"line":5,"column":18},"end":{"line":5,"column":31}},"5":{"start":{"line":7,"column":1},"end":{"line":7,"column":13}},"6":{"start":{"line":10,"column":0},"end":{"line":188,"column":2}},"7":{"start":{"line":12,"column":2},"end":{"line":22,"column":3}},"8":{"start":{"line":13,"column":19},"end":{"line":17,"column":5}},"9":{"start":{"line":18,"column":3},"end":{"line":18,"column":18}},"10":{"start":{"line":20,"column":3},"end":{"line":20,"column":22}},"11":{"start":{"line":21,"column":3},"end":{"line":21,"column":15}},"12":{"start":{"line":25,"column":2},"end":{"line":57,"column":3}},"13":{"start":{"line":26,"column":3},"end":{"line":26,"column":12}},"14":{"start":{"line":27,"column":3},"end":{"line":27,"column":68}},"15":{"start":{"line":27,"column":12},"end":{"line":27,"column":68}},"16":{"start":{"line":28,"column":18},"end":{"line":50,"column":5}},"17":{"start":{"line":51,"column":3},"end":{"line":52,"column":60}},"18":{"start":{"line":52,"column":4},"end":{"line":52,"column":60}},"19":{"start":{"line":53,"column":3},"end":{"line":53,"column":17}},"20":{"start":{"line":55,"column":3},"end":{"line":55,"column":22}},"21":{"start":{"line":56,"column":3},"end":{"line":56,"column":15}},"22":{"start":{"line":60,"column":2},"end":{"line":100,"column":3}},"23":{"start":{"line":61,"column":22},"end":{"line":61,"column":41}},"24":{"start":{"line":62,"column":3},"end":{"line":66,"column":6}},"25":{"start":{"line":63,"column":4},"end":{"line":66,"column":6}},"26":{"start":{"line":67,"column":46},"end":{"line":67,"column":50}},"27":{"start":{"line":68,"column":3},"end":{"line":72,"column":6}},"28":{"start":{"line":69,"column":4},"end":{"line":72,"column":6}},"29":{"start":{"line":73,"column":21},"end":{"line":84,"column":5}},"30":{"start":{"line":85,"column":24},"end":{"line":85,"column":26}},"31":{"start":{"line":86,"column":3},"end":{"line":92,"column":6}},"32":{"start":{"line":87,"column":4},"end":{"line":91,"column":7}},"33":{"start":{"line":93,"column":26},"end":{"line":95,"column":5}},"34":{"start":{"line":96,"column":3},"end":{"line":96,"column":25}},"35":{"start":{"line":98,"column":3},"end":{"line":98,"column":22}},"36":{"start":{"line":99,"column":3},"end":{"line":99,"column":15}},"37":{"start":{"line":103,"column":2},"end":{"line":140,"column":3}},"38":{"start":{"line":104,"column":23},"end":{"line":106,"column":5}},"39":{"start":{"line":108,"column":3},"end":{"line":112,"column":6}},"40":{"start":{"line":109,"column":4},"end":{"line":112,"column":6}},"41":{"start":{"line":113,"column":18},"end":{"line":115,"column":5}},"42":{"start":{"line":116,"column":3},"end":{"line":117,"column":60}},"43":{"start":{"line":117,"column":4},"end":{"line":117,"column":60}},"44":{"start":{"line":118,"column":3},"end":{"line":123,"column":6}},"45":{"start":{"line":125,"column":4},"end":{"line":126,"column":28}},"46":{"start":{"line":127,"column":25},"end":{"line":135,"column":5}},"47":{"start":{"line":136,"column":3},"end":{"line":136,"column":24}},"48":{"start":{"line":138,"column":3},"end":{"line":138,"column":22}},"49":{"start":{"line":139,"column":3},"end":{"line":139,"column":15}},"50":{"start":{"line":143,"column":2},"end":{"line":175,"column":3}},"51":{"start":{"line":144,"column":22},"end":{"line":146,"column":5}},"52":{"start":{"line":147,"column":3},"end":{"line":148,"column":68}},"53":{"start":{"line":148,"column":4},"end":{"line":148,"column":68}},"54":{"start":{"line":149,"column":23},"end":{"line":151,"column":5}},"55":{"start":{"line":152,"column":3},"end":{"line":156,"column":6}},"56":{"start":{"line":153,"column":4},"end":{"line":156,"column":6}},"57":{"start":{"line":157,"column":3},"end":{"line":162,"column":6}},"58":{"start":{"line":163,"column":29},"end":{"line":170,"column":5}},"59":{"start":{"line":171,"column":3},"end":{"line":171,"column":28}},"60":{"start":{"line":173,"column":3},"end":{"line":173,"column":22}},"61":{"start":{"line":174,"column":3},"end":{"line":174,"column":15}},"62":{"start":{"line":178,"column":2},"end":{"line":186,"column":3}},"63":{"start":{"line":179,"column":29},"end":{"line":181,"column":5}},"64":{"start":{"line":182,"column":3},"end":{"line":182,"column":28}},"65":{"start":{"line":184,"column":3},"end":{"line":184,"column":22}},"66":{"start":{"line":185,"column":3},"end":{"line":185,"column":15}}},"fnMap":{"0":{"name":"(anonymous_0)","decl":{"start":{"line":3,"column":22},"end":{"line":3,"column":23}},"loc":{"start":{"line":3,"column":32},"end":{"line":8,"column":1}},"line":3},"1":{"name":"(anonymous_1)","decl":{"start":{"line":11,"column":1},"end":{"line":11,"column":2}},"loc":{"start":{"line":11,"column":30},"end":{"line":23,"column":2}},"line":11},"2":{"name":"(anonymous_2)","decl":{"start":{"line":24,"column":1},"end":{"line":24,"column":2}},"loc":{"start":{"line":24,"column":29},"end":{"line":58,"column":2}},"line":24},"3":{"name":"(anonymous_3)","decl":{"start":{"line":59,"column":1},"end":{"line":59,"column":2}},"loc":{"start":{"line":59,"column":33},"end":{"line":101,"column":2}},"line":59},"4":{"name":"(anonymous_4)","decl":{"start":{"line":86,"column":17},"end":{"line":86,"column":18}},"loc":{"start":{"line":86,"column":27},"end":{"line":92,"column":4}},"line":86},"5":{"name":"(anonymous_5)","decl":{"start":{"line":102,"column":1},"end":{"line":102,"column":2}},"loc":{"start":{"line":102,"column":53},"end":{"line":141,"column":2}},"line":102},"6":{"name":"(anonymous_6)","decl":{"start":{"line":142,"column":1},"end":{"line":142,"column":2}},"loc":{"start":{"line":142,"column":49},"end":{"line":176,"column":2}},"line":142},"7":{"name":"(anonymous_7)","decl":{"start":{"line":177,"column":1},"end":{"line":177,"column":2}},"loc":{"start":{"line":177,"column":35},"end":{"line":187,"column":2}},"line":177}},"branchMap":{"0":{"loc":{"start":{"line":5,"column":2},"end":{"line":5,"column":31}},"type":"if","locations":[{"start":{"line":5,"column":2},"end":{"line":5,"column":31}},{"start":{},"end":{}}],"line":5},"1":{"loc":{"start":{"line":27,"column":3},"end":{"line":27,"column":68}},"type":"if","locations":[{"start":{"line":27,"column":3},"end":{"line":27,"column":68}},{"start":{},"end":{}}],"line":27},"2":{"loc":{"start":{"line":51,"column":3},"end":{"line":52,"column":60}},"type":"if","locations":[{"start":{"line":51,"column":3},"end":{"line":52,"column":60}},{"start":{},"end":{}}],"line":51},"3":{"loc":{"start":{"line":62,"column":3},"end":{"line":66,"column":6}},"type":"if","locations":[{"start":{"line":62,"column":3},"end":{"line":66,"column":6}},{"start":{},"end":{}}],"line":62},"4":{"loc":{"start":{"line":68,"column":3},"end":{"line":72,"column":6}},"type":"if","locations":[{"start":{"line":68,"column":3},"end":{"line":72,"column":6}},{"start":{},"end":{}}],"line":68},"5":{"loc":{"start":{"line":108,"column":3},"end":{"line":112,"column":6}},"type":"if","locations":[{"start":{"line":108,"column":3},"end":{"line":112,"column":6}},{"start":{},"end":{}}],"line":108},"6":{"loc":{"start":{"line":116,"column":3},"end":{"line":117,"column":60}},"type":"if","locations":[{"start":{"line":116,"column":3},"end":{"line":117,"column":60}},{"start":{},"end":{}}],"line":116},"7":{"loc":{"start":{"line":147,"column":3},"end":{"line":148,"column":68}},"type":"if","locations":[{"start":{"line":147,"column":3},"end":{"line":148,"column":68}},{"start":{},"end":{}}],"line":147},"8":{"loc":{"start":{"line":152,"column":3},"end":{"line":156,"column":6}},"type":"if","locations":[{"start":{"line":152,"column":3},"end":{"line":156,"column":6}},{"start":{},"end":{}}],"line":152}},"s":{"0":1,"1":1,"2":0,"3":0,"4":0,"5":0,"6":1,"7":0,"8":0,"9":0,"10":0,"11":0,"12":0,"13":0,"14":0,"15":0,"16":0,"17":0,"18":0,"19":0,"20":0,"21":0,"22":0,"23":0,"24":0,"25":0,"26":0,"27":0,"28":0,"29":0,"30":0,"31":0,"32":0,"33":0,"34":0,"35":0,"36":0,"37":0,"38":0,"39":0,"40":0,"41":0,"42":0,"43":0,"44":0,"45":0,"46":0,"47":0,"48":0,"49":0,"50":0,"51":0,"52":0,"53":0,"54":0,"55":0,"56":0,"57":0,"58":0,"59":0,"60":0,"61":0,"62":0,"63":0,"64":0,"65":0,"66":0},"f":{"0":0,"1":0,"2":0,"3":0,"4":0,"5":0,"6":0,"7":0},"b":{"0":[0,0],"1":[0,0],"2":[0,0],"3":[0,0],"4":[0,0],"5":[0,0],"6":[0,0],"7":[0,0],"8":[0,0]},"_coverageSchema":"1a1c01bbd47fc00a2c39e90264f33305004495a9","hash":"2848815864d1ae8505ad352ce569598fa9657381"}
,"D:\\Hacktiv8\\p3\\ArcadeDB-server\\models\\Bookmark.js": {"path":"D:\\Hacktiv8\\p3\\ArcadeDB-server\\models\\Bookmark.js","statementMap":{"0":{"start":{"line":1,"column":15},"end":{"line":1,"column":48}},"1":{"start":{"line":3,"column":0},"end":{"line":57,"column":2}},"2":{"start":{"line":5,"column":2},"end":{"line":20,"column":3}},"3":{"start":{"line":6,"column":21},"end":{"line":15,"column":5}},"4":{"start":{"line":16,"column":3},"end":{"line":16,"column":20}},"5":{"start":{"line":18,"column":3},"end":{"line":18,"column":22}},"6":{"start":{"line":19,"column":3},"end":{"line":19,"column":15}},"7":{"start":{"line":23,"column":2},"end":{"line":41,"column":3}},"8":{"start":{"line":24,"column":3},"end":{"line":24,"column":20}},"9":{"start":{"line":25,"column":3},"end":{"line":25,"column":24}},"10":{"start":{"line":26,"column":18},"end":{"line":28,"column":5}},"11":{"start":{"line":29,"column":3},"end":{"line":30,"column":60}},"12":{"start":{"line":30,"column":4},"end":{"line":30,"column":60}},"13":{"start":{"line":31,"column":18},"end":{"line":36,"column":5}},"14":{"start":{"line":37,"column":3},"end":{"line":37,"column":17}},"15":{"start":{"line":39,"column":3},"end":{"line":39,"column":22}},"16":{"start":{"line":40,"column":3},"end":{"line":40,"column":15}},"17":{"start":{"line":44,"column":2},"end":{"line":55,"column":3}},"18":{"start":{"line":45,"column":24},"end":{"line":50,"column":5}},"19":{"start":{"line":51,"column":3},"end":{"line":51,"column":23}},"20":{"start":{"line":53,"column":3},"end":{"line":53,"column":24}},"21":{"start":{"line":54,"column":3},"end":{"line":54,"column":15}}},"fnMap":{"0":{"name":"(anonymous_0)","decl":{"start":{"line":4,"column":1},"end":{"line":4,"column":2}},"loc":{"start":{"line":4,"column":26},"end":{"line":21,"column":2}},"line":4},"1":{"name":"(anonymous_1)","decl":{"start":{"line":22,"column":1},"end":{"line":22,"column":2}},"loc":{"start":{"line":22,"column":44},"end":{"line":42,"column":2}},"line":22},"2":{"name":"(anonymous_2)","decl":{"start":{"line":43,"column":1},"end":{"line":43,"column":2}},"loc":{"start":{"line":43,"column":47},"end":{"line":56,"column":2}},"line":43}},"branchMap":{"0":{"loc":{"start":{"line":29,"column":3},"end":{"line":30,"column":60}},"type":"if","locations":[{"start":{"line":29,"column":3},"end":{"line":30,"column":60}},{"start":{},"end":{}}],"line":29}},"s":{"0":1,"1":1,"2":0,"3":0,"4":0,"5":0,"6":0,"7":0,"8":0,"9":0,"10":0,"11":0,"12":0,"13":0,"14":0,"15":0,"16":0,"17":0,"18":0,"19":0,"20":0,"21":0},"f":{"0":0,"1":0,"2":0},"b":{"0":[0,0]},"_coverageSchema":"1a1c01bbd47fc00a2c39e90264f33305004495a9","hash":"366cb261294b4104bf5e71938ee1cdded2aee869"}
,"D:\\Hacktiv8\\p3\\ArcadeDB-server\\models\\Game.js": {"path":"D:\\Hacktiv8\\p3\\ArcadeDB-server\\models\\Game.js","statementMap":{"0":{"start":{"line":1,"column":15},"end":{"line":1,"column":48}},"1":{"start":{"line":3,"column":0},"end":{"line":49,"column":2}},"2":{"start":{"line":5,"column":2},"end":{"line":11,"column":3}},"3":{"start":{"line":6,"column":17},"end":{"line":6,"column":45}},"4":{"start":{"line":7,"column":3},"end":{"line":7,"column":16}},"5":{"start":{"line":9,"column":3},"end":{"line":9,"column":22}},"6":{"start":{"line":10,"column":3},"end":{"line":10,"column":15}},"7":{"start":{"line":14,"column":2},"end":{"line":20,"column":3}},"8":{"start":{"line":15,"column":18},"end":{"line":15,"column":47}},"9":{"start":{"line":16,"column":3},"end":{"line":16,"column":17}},"10":{"start":{"line":18,"column":3},"end":{"line":18,"column":22}},"11":{"start":{"line":19,"column":3},"end":{"line":19,"column":15}},"12":{"start":{"line":23,"column":2},"end":{"line":47,"column":3}},"13":{"start":{"line":24,"column":3},"end":{"line":24,"column":12}},"14":{"start":{"line":25,"column":3},"end":{"line":25,"column":66}},"15":{"start":{"line":25,"column":12},"end":{"line":25,"column":66}},"16":{"start":{"line":26,"column":16},"end":{"line":40,"column":5}},"17":{"start":{"line":41,"column":3},"end":{"line":42,"column":58}},"18":{"start":{"line":42,"column":4},"end":{"line":42,"column":58}},"19":{"start":{"line":43,"column":3},"end":{"line":43,"column":15}},"20":{"start":{"line":45,"column":3},"end":{"line":45,"column":22}},"21":{"start":{"line":46,"column":3},"end":{"line":46,"column":15}}},"fnMap":{"0":{"name":"(anonymous_0)","decl":{"start":{"line":4,"column":1},"end":{"line":4,"column":2}},"loc":{"start":{"line":4,"column":24},"end":{"line":12,"column":2}},"line":4},"1":{"name":"(anonymous_1)","decl":{"start":{"line":13,"column":1},"end":{"line":13,"column":2}},"loc":{"start":{"line":13,"column":26},"end":{"line":21,"column":2}},"line":13},"2":{"name":"(anonymous_2)","decl":{"start":{"line":22,"column":1},"end":{"line":22,"column":2}},"loc":{"start":{"line":22,"column":29},"end":{"line":48,"column":2}},"line":22}},"branchMap":{"0":{"loc":{"start":{"line":25,"column":3},"end":{"line":25,"column":66}},"type":"if","locations":[{"start":{"line":25,"column":3},"end":{"line":25,"column":66}},{"start":{},"end":{}}],"line":25},"1":{"loc":{"start":{"line":41,"column":3},"end":{"line":42,"column":58}},"type":"if","locations":[{"start":{"line":41,"column":3},"end":{"line":42,"column":58}},{"start":{},"end":{}}],"line":41}},"s":{"0":1,"1":1,"2":0,"3":0,"4":0,"5":0,"6":0,"7":0,"8":0,"9":0,"10":0,"11":0,"12":0,"13":0,"14":0,"15":0,"16":0,"17":0,"18":0,"19":0,"20":0,"21":0},"f":{"0":0,"1":0,"2":0},"b":{"0":[0,0],"1":[0,0]},"_coverageSchema":"1a1c01bbd47fc00a2c39e90264f33305004495a9","hash":"cd6f38a1d0b9b7e35ac595b35210e7dcba745b8e"}
,"D:\\Hacktiv8\\p3\\ArcadeDB-server\\models\\ProfilePictures.js": {"path":"D:\\Hacktiv8\\p3\\ArcadeDB-server\\models\\ProfilePictures.js","statementMap":{"0":{"start":{"line":1,"column":15},"end":{"line":1,"column":48}},"1":{"start":{"line":3,"column":0},"end":{"line":13,"column":1}},"2":{"start":{"line":5,"column":8},"end":{"line":11,"column":9}},"3":{"start":{"line":6,"column":25},"end":{"line":6,"column":63}},"4":{"start":{"line":7,"column":12},"end":{"line":7,"column":24}},"5":{"start":{"line":9,"column":12},"end":{"line":9,"column":31}},"6":{"start":{"line":10,"column":12},"end":{"line":10,"column":24}}},"fnMap":{"0":{"name":"(anonymous_0)","decl":{"start":{"line":4,"column":4},"end":{"line":4,"column":5}},"loc":{"start":{"line":4,"column":27},"end":{"line":12,"column":5}},"line":4}},"branchMap":{},"s":{"0":1,"1":1,"2":0,"3":0,"4":0,"5":0,"6":0},"f":{"0":0},"b":{},"_coverageSchema":"1a1c01bbd47fc00a2c39e90264f33305004495a9","hash":"900718c283c6fb87ed3c6b73c660877948ccac63"}
,"D:\\Hacktiv8\\p3\\ArcadeDB-server\\models\\Session.js": {"path":"D:\\Hacktiv8\\p3\\ArcadeDB-server\\models\\Session.js","statementMap":{"0":{"start":{"line":1,"column":15},"end":{"line":1,"column":48}},"1":{"start":{"line":3,"column":0},"end":{"line":33,"column":2}},"2":{"start":{"line":5,"column":2},"end":{"line":31,"column":3}},"3":{"start":{"line":6,"column":3},"end":{"line":10,"column":6}},"4":{"start":{"line":7,"column":4},"end":{"line":10,"column":6}},"5":{"start":{"line":11,"column":27},"end":{"line":17,"column":5}},"6":{"start":{"line":18,"column":3},"end":{"line":23,"column":4}},"7":{"start":{"line":19,"column":4},"end":{"line":22,"column":6}},"8":{"start":{"line":24,"column":18},"end":{"line":26,"column":5}},"9":{"start":{"line":27,"column":3},"end":{"line":27,"column":17}},"10":{"start":{"line":29,"column":3},"end":{"line":29,"column":22}},"11":{"start":{"line":30,"column":3},"end":{"line":30,"column":15}}},"fnMap":{"0":{"name":"(anonymous_0)","decl":{"start":{"line":4,"column":1},"end":{"line":4,"column":2}},"loc":{"start":{"line":4,"column":45},"end":{"line":32,"column":2}},"line":4}},"branchMap":{"0":{"loc":{"start":{"line":6,"column":3},"end":{"line":10,"column":6}},"type":"if","locations":[{"start":{"line":6,"column":3},"end":{"line":10,"column":6}},{"start":{},"end":{}}],"line":6},"1":{"loc":{"start":{"line":18,"column":3},"end":{"line":23,"column":4}},"type":"if","locations":[{"start":{"line":18,"column":3},"end":{"line":23,"column":4}},{"start":{},"end":{}}],"line":18}},"s":{"0":1,"1":1,"2":0,"3":0,"4":0,"5":0,"6":0,"7":0,"8":0,"9":0,"10":0,"11":0},"f":{"0":0},"b":{"0":[0,0],"1":[0,0]},"_coverageSchema":"1a1c01bbd47fc00a2c39e90264f33305004495a9","hash":"14fb6af7801e44c68a5becfe7fc792b1c499f276"}
,"D:\\Hacktiv8\\p3\\ArcadeDB-server\\models\\User.js": {"path":"D:\\Hacktiv8\\p3\\ArcadeDB-server\\models\\User.js","statementMap":{"0":{"start":{"line":1,"column":15},"end":{"line":1,"column":48}},"1":{"start":{"line":2,"column":15},"end":{"line":2,"column":32}},"2":{"start":{"line":5,"column":18},"end":{"line":5,"column":68}},"3":{"start":{"line":6,"column":1},"end":{"line":6,"column":31}},"4":{"start":{"line":10,"column":1},"end":{"line":12,"column":2}},"5":{"start":{"line":11,"column":2},"end":{"line":11,"column":48}},"6":{"start":{"line":11,"column":18},"end":{"line":11,"column":48}},"7":{"start":{"line":13,"column":1},"end":{"line":13,"column":25}},"8":{"start":{"line":17,"column":1},"end":{"line":17,"column":57}},"9":{"start":{"line":21,"column":1},"end":{"line":23,"column":3}},"10":{"start":{"line":22,"column":41},"end":{"line":22,"column":60}},"11":{"start":{"line":26,"column":0},"end":{"line":271,"column":2}},"12":{"start":{"line":28,"column":16},"end":{"line":28,"column":44}},"13":{"start":{"line":29,"column":2},"end":{"line":29,"column":58}},"14":{"start":{"line":29,"column":29},"end":{"line":29,"column":56}},"15":{"start":{"line":32,"column":2},"end":{"line":38,"column":3}},"16":{"start":{"line":33,"column":18},"end":{"line":33,"column":57}},"17":{"start":{"line":34,"column":3},"end":{"line":34,"column":17}},"18":{"start":{"line":36,"column":3},"end":{"line":36,"column":22}},"19":{"start":{"line":37,"column":3},"end":{"line":37,"column":15}},"20":{"start":{"line":41,"column":2},"end":{"line":47,"column":3}},"21":{"start":{"line":42,"column":18},"end":{"line":42,"column":54}},"22":{"start":{"line":43,"column":3},"end":{"line":43,"column":17}},"23":{"start":{"line":45,"column":3},"end":{"line":45,"column":22}},"24":{"start":{"line":46,"column":3},"end":{"line":46,"column":15}},"25":{"start":{"line":50,"column":2},"end":{"line":96,"column":3}},"26":{"start":{"line":51,"column":3},"end":{"line":51,"column":12}},"27":{"start":{"line":52,"column":3},"end":{"line":53,"column":68}},"28":{"start":{"line":53,"column":4},"end":{"line":53,"column":68}},"29":{"start":{"line":54,"column":16},"end":{"line":86,"column":5}},"30":{"start":{"line":87,"column":3},"end":{"line":87,"column":38}},"31":{"start":{"line":89,"column":3},"end":{"line":94,"column":4}},"32":{"start":{"line":92,"column":4},"end":{"line":92,"column":51}},"33":{"start":{"line":93,"column":4},"end":{"line":93,"column":28}},"34":{"start":{"line":95,"column":3},"end":{"line":95,"column":15}},"35":{"start":{"line":99,"column":2},"end":{"line":138,"column":3}},"36":{"start":{"line":100,"column":22},"end":{"line":100,"column":41}},"37":{"start":{"line":101,"column":3},"end":{"line":106,"column":6}},"38":{"start":{"line":102,"column":4},"end":{"line":106,"column":6}},"39":{"start":{"line":107,"column":22},"end":{"line":111,"column":5}},"40":{"start":{"line":112,"column":3},"end":{"line":116,"column":6}},"41":{"start":{"line":113,"column":4},"end":{"line":116,"column":6}},"42":{"start":{"line":117,"column":25},"end":{"line":121,"column":5}},"43":{"start":{"line":122,"column":3},"end":{"line":126,"column":6}},"44":{"start":{"line":123,"column":4},"end":{"line":126,"column":6}},"45":{"start":{"line":127,"column":3},"end":{"line":131,"column":6}},"46":{"start":{"line":128,"column":4},"end":{"line":131,"column":6}},"47":{"start":{"line":132,"column":3},"end":{"line":132,"column":54}},"48":{"start":{"line":133,"column":26},"end":{"line":133,"column":60}},"49":{"start":{"line":134,"column":3},"end":{"line":134,"column":25}},"50":{"start":{"line":136,"column":3},"end":{"line":136,"column":22}},"51":{"start":{"line":137,"column":3},"end":{"line":137,"column":15}},"52":{"start":{"line":141,"column":2},"end":{"line":150,"column":3}},"53":{"start":{"line":142,"column":18},"end":{"line":145,"column":5}},"54":{"start":{"line":146,"column":3},"end":{"line":146,"column":17}},"55":{"start":{"line":148,"column":3},"end":{"line":148,"column":22}},"56":{"start":{"line":149,"column":3},"end":{"line":149,"column":15}},"57":{"start":{"line":153,"column":2},"end":{"line":191,"column":3}},"58":{"start":{"line":154,"column":3},"end":{"line":158,"column":6}},"59":{"start":{"line":155,"column":4},"end":{"line":158,"column":6}},"60":{"start":{"line":159,"column":23},"end":{"line":162,"column":5}},"61":{"start":{"line":163,"column":23},"end":{"line":165,"column":5}},"62":{"start":{"line":166,"column":3},"end":{"line":170,"column":6}},"63":{"start":{"line":167,"column":4},"end":{"line":170,"column":6}},"64":{"start":{"line":171,"column":18},"end":{"line":176,"column":5}},"65":{"start":{"line":177,"column":3},"end":{"line":186,"column":4}},"66":{"start":{"line":178,"column":4},"end":{"line":181,"column":7}},"67":{"start":{"line":182,"column":4},"end":{"line":185,"column":7}},"68":{"start":{"line":187,"column":3},"end":{"line":187,"column":17}},"69":{"start":{"line":189,"column":3},"end":{"line":189,"column":22}},"70":{"start":{"line":190,"column":3},"end":{"line":190,"column":15}},"71":{"start":{"line":194,"column":2},"end":{"line":221,"column":3}},"72":{"start":{"line":195,"column":23},"end":{"line":197,"column":5}},"73":{"start":{"line":198,"column":3},"end":{"line":202,"column":6}},"74":{"start":{"line":199,"column":4},"end":{"line":202,"column":6}},"75":{"start":{"line":203,"column":18},"end":{"line":205,"column":5}},"76":{"start":{"line":207,"column":3},"end":{"line":216,"column":4}},"77":{"start":{"line":208,"column":4},"end":{"line":211,"column":7}},"78":{"start":{"line":212,"column":4},"end":{"line":215,"column":7}},"79":{"start":{"line":217,"column":3},"end":{"line":217,"column":17}},"80":{"start":{"line":219,"column":3},"end":{"line":219,"column":22}},"81":{"start":{"line":220,"column":3},"end":{"line":220,"column":15}},"82":{"start":{"line":224,"column":2},"end":{"line":245,"column":3}},"83":{"start":{"line":225,"column":16},"end":{"line":240,"column":5}},"84":{"start":{"line":241,"column":3},"end":{"line":241,"column":15}},"85":{"start":{"line":243,"column":3},"end":{"line":243,"column":22}},"86":{"start":{"line":244,"column":3},"end":{"line":244,"column":15}},"87":{"start":{"line":248,"column":2},"end":{"line":269,"column":3}},"88":{"start":{"line":249,"column":16},"end":{"line":264,"column":5}},"89":{"start":{"line":265,"column":3},"end":{"line":265,"column":15}},"90":{"start":{"line":267,"column":3},"end":{"line":267,"column":22}},"91":{"start":{"line":268,"column":3},"end":{"line":268,"column":15}}},"fnMap":{"0":{"name":"validateEmail","decl":{"start":{"line":4,"column":9},"end":{"line":4,"column":22}},"loc":{"start":{"line":4,"column":30},"end":{"line":7,"column":1}},"line":4},"1":{"name":"validateInput","decl":{"start":{"line":9,"column":9},"end":{"line":9,"column":22}},"loc":{"start":{"line":9,"column":29},"end":{"line":14,"column":1}},"line":9},"2":{"name":"capitalizeFirstWord","decl":{"start":{"line":16,"column":9},"end":{"line":16,"column":28}},"loc":{"start":{"line":16,"column":37},"end":{"line":18,"column":1}},"line":16},"3":{"name":"exclude","decl":{"start":{"line":20,"column":9},"end":{"line":20,"column":16}},"loc":{"start":{"line":20,"column":29},"end":{"line":24,"column":1}},"line":20},"4":{"name":"(anonymous_4)","decl":{"start":{"line":22,"column":30},"end":{"line":22,"column":31}},"loc":{"start":{"line":22,"column":41},"end":{"line":22,"column":60}},"line":22},"5":{"name":"(anonymous_5)","decl":{"start":{"line":27,"column":1},"end":{"line":27,"column":2}},"loc":{"start":{"line":27,"column":24},"end":{"line":30,"column":2}},"line":27},"6":{"name":"(anonymous_6)","decl":{"start":{"line":29,"column":19},"end":{"line":29,"column":20}},"loc":{"start":{"line":29,"column":29},"end":{"line":29,"column":56}},"line":29},"7":{"name":"(anonymous_7)","decl":{"start":{"line":31,"column":1},"end":{"line":31,"column":2}},"loc":{"start":{"line":31,"column":25},"end":{"line":39,"column":2}},"line":31},"8":{"name":"(anonymous_8)","decl":{"start":{"line":40,"column":1},"end":{"line":40,"column":2}},"loc":{"start":{"line":40,"column":30},"end":{"line":48,"column":2}},"line":40},"9":{"name":"(anonymous_9)","decl":{"start":{"line":49,"column":1},"end":{"line":49,"column":2}},"loc":{"start":{"line":49,"column":27},"end":{"line":97,"column":2}},"line":49},"10":{"name":"(anonymous_10)","decl":{"start":{"line":98,"column":1},"end":{"line":98,"column":2}},"loc":{"start":{"line":98,"column":27},"end":{"line":139,"column":2}},"line":98},"11":{"name":"(anonymous_11)","decl":{"start":{"line":140,"column":1},"end":{"line":140,"column":2}},"loc":{"start":{"line":140,"column":28},"end":{"line":151,"column":2}},"line":140},"12":{"name":"(anonymous_12)","decl":{"start":{"line":152,"column":1},"end":{"line":152,"column":2}},"loc":{"start":{"line":152,"column":51},"end":{"line":192,"column":2}},"line":152},"13":{"name":"(anonymous_13)","decl":{"start":{"line":193,"column":1},"end":{"line":193,"column":2}},"loc":{"start":{"line":193,"column":51},"end":{"line":222,"column":2}},"line":193},"14":{"name":"(anonymous_14)","decl":{"start":{"line":223,"column":1},"end":{"line":223,"column":2}},"loc":{"start":{"line":223,"column":39},"end":{"line":246,"column":2}},"line":223},"15":{"name":"(anonymous_15)","decl":{"start":{"line":247,"column":1},"end":{"line":247,"column":2}},"loc":{"start":{"line":247,"column":40},"end":{"line":270,"column":2}},"line":247}},"branchMap":{"0":{"loc":{"start":{"line":11,"column":2},"end":{"line":11,"column":48}},"type":"if","locations":[{"start":{"line":11,"column":2},"end":{"line":11,"column":48}},{"start":{},"end":{}}],"line":11},"1":{"loc":{"start":{"line":52,"column":3},"end":{"line":53,"column":68}},"type":"if","locations":[{"start":{"line":52,"column":3},"end":{"line":53,"column":68}},{"start":{},"end":{}}],"line":52},"2":{"loc":{"start":{"line":89,"column":3},"end":{"line":94,"column":4}},"type":"if","locations":[{"start":{"line":89,"column":3},"end":{"line":94,"column":4}},{"start":{},"end":{}}],"line":89},"3":{"loc":{"start":{"line":101,"column":3},"end":{"line":106,"column":6}},"type":"if","locations":[{"start":{"line":101,"column":3},"end":{"line":106,"column":6}},{"start":{},"end":{}}],"line":101},"4":{"loc":{"start":{"line":112,"column":3},"end":{"line":116,"column":6}},"type":"if","locations":[{"start":{"line":112,"column":3},"end":{"line":116,"column":6}},{"start":{},"end":{}}],"line":112},"5":{"loc":{"start":{"line":122,"column":3},"end":{"line":126,"column":6}},"type":"if","locations":[{"start":{"line":122,"column":3},"end":{"line":126,"column":6}},{"start":{},"end":{}}],"line":122},"6":{"loc":{"start":{"line":127,"column":3},"end":{"line":131,"column":6}},"type":"if","locations":[{"start":{"line":127,"column":3},"end":{"line":131,"column":6}},{"start":{},"end":{}}],"line":127},"7":{"loc":{"start":{"line":154,"column":3},"end":{"line":158,"column":6}},"type":"if","locations":[{"start":{"line":154,"column":3},"end":{"line":158,"column":6}},{"start":{},"end":{}}],"line":154},"8":{"loc":{"start":{"line":166,"column":3},"end":{"line":170,"column":6}},"type":"if","locations":[{"start":{"line":166,"column":3},"end":{"line":170,"column":6}},{"start":{},"end":{}}],"line":166},"9":{"loc":{"start":{"line":177,"column":3},"end":{"line":186,"column":4}},"type":"if","locations":[{"start":{"line":177,"column":3},"end":{"line":186,"column":4}},{"start":{},"end":{}}],"line":177},"10":{"loc":{"start":{"line":198,"column":3},"end":{"line":202,"column":6}},"type":"if","locations":[{"start":{"line":198,"column":3},"end":{"line":202,"column":6}},{"start":{},"end":{}}],"line":198},"11":{"loc":{"start":{"line":207,"column":3},"end":{"line":216,"column":4}},"type":"if","locations":[{"start":{"line":207,"column":3},"end":{"line":216,"column":4}},{"start":{},"end":{}}],"line":207}},"s":{"0":1,"1":1,"2":1,"3":1,"4":6,"5":18,"6":3,"7":3,"8":3,"9":0,"10":0,"11":1,"12":0,"13":0,"14":0,"15":1,"16":1,"17":1,"18":0,"19":0,"20":3,"21":3,"22":3,"23":0,"24":0,"25":0,"26":0,"27":0,"28":0,"29":0,"30":0,"31":0,"32":0,"33":0,"34":0,"35":6,"36":6,"37":6,"38":3,"39":3,"40":3,"41":1,"42":2,"43":2,"44":1,"45":1,"46":0,"47":1,"48":1,"49":1,"50":5,"51":5,"52":0,"53":0,"54":0,"55":0,"56":0,"57":0,"58":0,"59":0,"60":0,"61":0,"62":0,"63":0,"64":0,"65":0,"66":0,"67":0,"68":0,"69":0,"70":0,"71":0,"72":0,"73":0,"74":0,"75":0,"76":0,"77":0,"78":0,"79":0,"80":0,"81":0,"82":0,"83":0,"84":0,"85":0,"86":0,"87":0,"88":0,"89":0,"90":0,"91":0},"f":{"0":1,"1":6,"2":3,"3":0,"4":0,"5":0,"6":0,"7":1,"8":3,"9":0,"10":6,"11":0,"12":0,"13":0,"14":0,"15":0},"b":{"0":[3,15],"1":[0,0],"2":[0,0],"3":[3,3],"4":[1,2],"5":[1,1],"6":[0,1],"7":[0,0],"8":[0,0],"9":[0,0],"10":[0,0],"11":[0,0]},"_coverageSchema":"1a1c01bbd47fc00a2c39e90264f33305004495a9","hash":"6af04e608fda1fcccce617c72e19f086ea66831f"}
,"D:\\Hacktiv8\\p3\\ArcadeDB-server\\prisma\\prismaConfig.js": {"path":"D:\\Hacktiv8\\p3\\ArcadeDB-server\\prisma\\prismaConfig.js","statementMap":{"0":{"start":{"line":1,"column":25},"end":{"line":1,"column":50}},"1":{"start":{"line":2,"column":15},"end":{"line":2,"column":33}},"2":{"start":{"line":3,"column":0},"end":{"line":3,"column":24}}},"fnMap":{},"branchMap":{},"s":{"0":1,"1":1,"2":1},"f":{},"b":{},"_coverageSchema":"1a1c01bbd47fc00a2c39e90264f33305004495a9","hash":"1de921bc060f801b52767ac48c08b0a5ef543956"}
,"D:\\Hacktiv8\\p3\\ArcadeDB-server\\router\\index.js": {"path":"D:\\Hacktiv8\\p3\\ArcadeDB-server\\router\\index.js","statementMap":{"0":{"start":{"line":1,"column":16},"end":{"line":1,"column":34}},"1":{"start":{"line":2,"column":23},"end":{"line":2,"column":63}},"2":{"start":{"line":3,"column":25},"end":{"line":3,"column":67}},"3":{"start":{"line":4,"column":27},"end":{"line":4,"column":67}},"4":{"start":{"line":5,"column":23},"end":{"line":5,"column":63}},"5":{"start":{"line":6,"column":26},"end":{"line":6,"column":69}},"6":{"start":{"line":7,"column":27},"end":{"line":7,"column":71}},"7":{"start":{"line":8,"column":15},"end":{"line":8,"column":31}},"8":{"start":{"line":10,"column":0},"end":{"line":10,"column":45}},"9":{"start":{"line":11,"column":0},"end":{"line":11,"column":49}},"10":{"start":{"line":12,"column":0},"end":{"line":12,"column":54}},"11":{"start":{"line":13,"column":0},"end":{"line":13,"column":50}},"12":{"start":{"line":14,"column":0},"end":{"line":14,"column":48}},"13":{"start":{"line":16,"column":0},"end":{"line":16,"column":47}},"14":{"start":{"line":17,"column":0},"end":{"line":17,"column":55}},"15":{"start":{"line":19,"column":0},"end":{"line":19,"column":45}},"16":{"start":{"line":20,"column":0},"end":{"line":20,"column":58}},"17":{"start":{"line":22,"column":0},"end":{"line":22,"column":48}},"18":{"start":{"line":23,"column":0},"end":{"line":23,"column":55}},"19":{"start":{"line":24,"column":0},"end":{"line":24,"column":49}},"20":{"start":{"line":26,"column":0},"end":{"line":26,"column":27}},"21":{"start":{"line":27,"column":0},"end":{"line":27,"column":61}},"22":{"start":{"line":29,"column":0},"end":{"line":29,"column":52}},"23":{"start":{"line":31,"column":0},"end":{"line":31,"column":54}},"24":{"start":{"line":32,"column":0},"end":{"line":32,"column":58}},"25":{"start":{"line":33,"column":0},"end":{"line":33,"column":54}},"26":{"start":{"line":34,"column":0},"end":{"line":34,"column":53}},"27":{"start":{"line":36,"column":0},"end":{"line":36,"column":59}},"28":{"start":{"line":37,"column":0},"end":{"line":37,"column":51}},"29":{"start":{"line":38,"column":0},"end":{"line":38,"column":53}},"30":{"start":{"line":40,"column":0},"end":{"line":40,"column":54}},"31":{"start":{"line":41,"column":0},"end":{"line":41,"column":56}},"32":{"start":{"line":43,"column":0},"end":{"line":43,"column":53}},"33":{"start":{"line":44,"column":0},"end":{"line":44,"column":62}},"34":{"start":{"line":45,"column":0},"end":{"line":45,"column":67}},"35":{"start":{"line":47,"column":0},"end":{"line":47,"column":24}}},"fnMap":{},"branchMap":{},"s":{"0":1,"1":1,"2":1,"3":1,"4":1,"5":1,"6":1,"7":1,"8":1,"9":1,"10":1,"11":1,"12":1,"13":1,"14":1,"15":1,"16":1,"17":1,"18":1,"19":1,"20":1,"21":1,"22":1,"23":1,"24":1,"25":1,"26":1,"27":1,"28":1,"29":1,"30":1,"31":1,"32":1,"33":1,"34":1,"35":1},"f":{},"b":{},"_coverageSchema":"1a1c01bbd47fc00a2c39e90264f33305004495a9","hash":"3d9993d589f009190747cdfc1a1060217551f440"}
}
